2024-05-23T04:12:58.622Z - Erro ao obter saldo para o endereço 1KGTcsBTXBtBZ87HpjqufrJPLW1K7toPiE na tentativa 1 usando https://api.blockcypher.com/v1/btc/main/addrs/1KGTcsBTXBtBZ87HpjqufrJPLW1K7toPiE/balance?token=3974609a69b14694bb616a67beeee737: Request failed with status code 429
2024-05-23T04:13:00.892Z - Erro ao obter saldo para o endereço 1KGTcsBTXBtBZ87HpjqufrJPLW1K7toPiE na tentativa 1 usando https://blockchain.info/balance?active=1KGTcsBTXBtBZ87HpjqufrJPLW1K7toPiE: Request failed with status code 502
2024-05-23T04:13:02.946Z - Erro ao obter saldo para o endereço 1KGTcsBTXBtBZ87HpjqufrJPLW1K7toPiE na tentativa 2 usando https://api.blockcypher.com/v1/btc/main/addrs/1KGTcsBTXBtBZ87HpjqufrJPLW1K7toPiE/balance?token=3974609a69b14694bb616a67beeee737: Request failed with status code 429
2024-05-23T04:13:05.191Z - Erro ao obter saldo para o endereço 1KGTcsBTXBtBZ87HpjqufrJPLW1K7toPiE na tentativa 2 usando https://blockchain.info/balance?active=1KGTcsBTXBtBZ87HpjqufrJPLW1K7toPiE: Request failed with status code 502
2024-05-23T04:13:07.231Z - Erro ao obter saldo para o endereço 1KGTcsBTXBtBZ87HpjqufrJPLW1K7toPiE na tentativa 3 usando https://api.blockcypher.com/v1/btc/main/addrs/1KGTcsBTXBtBZ87HpjqufrJPLW1K7toPiE/balance?token=3974609a69b14694bb616a67beeee737: Request failed with status code 429
2024-05-23T04:13:09.835Z - Erro ao obter saldo para o endereço 1GPwTk73SFjNmowzh6EyCz3MqeUm68DLNv na tentativa 1 usando https://api.blockcypher.com/v1/btc/main/addrs/1GPwTk73SFjNmowzh6EyCz3MqeUm68DLNv/balance?token=3974609a69b14694bb616a67beeee737: Request failed with status code 429
2024-05-23T04:13:16.153Z - Erro ao obter saldo para o endereço 1GPwTk73SFjNmowzh6EyCz3MqeUm68DLNv na tentativa 1 usando https://blockchain.info/balance?active=1GPwTk73SFjNmowzh6EyCz3MqeUm68DLNv: Request failed with status code 502
2024-05-23T04:13:18.189Z - Erro ao obter saldo para o endereço 1GPwTk73SFjNmowzh6EyCz3MqeUm68DLNv na tentativa 2 usando https://api.blockcypher.com/v1/btc/main/addrs/1GPwTk73SFjNmowzh6EyCz3MqeUm68DLNv/balance?token=3974609a69b14694bb616a67beeee737: Request failed with status code 429
2024-05-23T04:13:20.441Z - Erro ao obter saldo para o endereço 1GPwTk73SFjNmowzh6EyCz3MqeUm68DLNv na tentativa 2 usando https://blockchain.info/balance?active=1GPwTk73SFjNmowzh6EyCz3MqeUm68DLNv: Request failed with status code 502
2024-05-23T04:13:22.474Z - Erro ao obter saldo para o endereço 1GPwTk73SFjNmowzh6EyCz3MqeUm68DLNv na tentativa 3 usando https://api.blockcypher.com/v1/btc/main/addrs/1GPwTk73SFjNmowzh6EyCz3MqeUm68DLNv/balance?token=3974609a69b14694bb616a67beeee737: Request failed with status code 429
2024-05-23T04:13:24.750Z - Erro ao obter saldo para o endereço 1GPwTk73SFjNmowzh6EyCz3MqeUm68DLNv na tentativa 3 usando https://blockchain.info/balance?active=1GPwTk73SFjNmowzh6EyCz3MqeUm68DLNv: Request failed with status code 502
2024-05-23T04:13:26.800Z - Erro ao obter saldo para o endereço 18V76AyZCb2FYbeayuWSLPuyHoUyP6Zw8Y na tentativa 1 usando https://api.blockcypher.com/v1/btc/main/addrs/18V76AyZCb2FYbeayuWSLPuyHoUyP6Zw8Y/balance?token=3974609a69b14694bb616a67beeee737: Request failed with status code 429
2024-05-23T04:14:29.892Z - Erro ao obter saldo para o endereço 1DEb3fqsD5gQVReyF6dqiBy3DiCbA3FFSc na tentativa 1 usando https://api.blockcypher.com/v1/btc/main/addrs/1DEb3fqsD5gQVReyF6dqiBy3DiCbA3FFSc/balance?token=3974609a69b14694bb616a67beeee737: Request failed with status code 429 - Limite de taxa excedido. Aguardando para tentar novamente...
2024-05-23T04:15:37.586Z - Erro ao obter saldo para o endereço 1DEb3fqsD5gQVReyF6dqiBy3DiCbA3FFSc na tentativa 1 usando https://blockchain.info/balance?active=1DEb3fqsD5gQVReyF6dqiBy3DiCbA3FFSc: Request failed with status code 502
2024-05-23T04:15:40.620Z - Erro ao obter saldo para o endereço 1Ezu5tA44Pri2WZRZrfPaGszknntcQHZse na tentativa 1 usando https://api.blockcypher.com/v1/btc/main/addrs/1Ezu5tA44Pri2WZRZrfPaGszknntcQHZse/balance?token=3974609a69b14694bb616a67beeee737: Request failed with status code 429 - Limite de taxa excedido. Aguardando para tentar novamente...
2024-05-23T04:17:00.478Z - Erro ao obter saldo para o endereço 12qSeFC5AqikErWAoWTTtmCmvMFJZasPi1 na tentativa 1 usando https://api.blockcypher.com/v1/btc/main/addrs/12qSeFC5AqikErWAoWTTtmCmvMFJZasPi1/balance?token=3974609a69b14694bb616a67beeee737: Request failed with status code 429 - Limite de taxa excedido. Aguardando para tentar novamente...
2024-05-23T04:18:01.118Z - Erro ao obter saldo para o endereço 12qSeFC5AqikErWAoWTTtmCmvMFJZasPi1 na tentativa 1 usando https://blockchain.info/balance?active=12qSeFC5AqikErWAoWTTtmCmvMFJZasPi1: Request failed with status code 502
2024-05-23T04:18:03.581Z - Erro ao obter saldo para o endereço 1J2BHfkENgqLWipE7N66iw3f4mNjUXLEi3 na tentativa 1 usando https://api.blockcypher.com/v1/btc/main/addrs/1J2BHfkENgqLWipE7N66iw3f4mNjUXLEi3/balance?token=3974609a69b14694bb616a67beeee737: Request failed with status code 429 - Limite de taxa excedido. Aguardando para tentar novamente...
2024-05-23T04:19:03.860Z - Erro ao obter saldo para o endereço 1J2BHfkENgqLWipE7N66iw3f4mNjUXLEi3 na tentativa 1 usando https://blockchain.info/balance?active=1J2BHfkENgqLWipE7N66iw3f4mNjUXLEi3: Request failed with status code 502
2024-05-23T04:19:06.323Z - Erro ao obter saldo para o endereço 1JULc4XPAd5f9Ew9CvHhacurLGD9GDqTzS na tentativa 1 usando https://api.blockcypher.com/v1/btc/main/addrs/1JULc4XPAd5f9Ew9CvHhacurLGD9GDqTzS/balance?token=3974609a69b14694bb616a67beeee737: Request failed with status code 429 - Limite de taxa excedido. Aguardando para tentar novamente...
2024-05-23T04:20:06.578Z - Erro ao obter saldo para o endereço 1JULc4XPAd5f9Ew9CvHhacurLGD9GDqTzS na tentativa 1 usando https://blockchain.info/balance?active=1JULc4XPAd5f9Ew9CvHhacurLGD9GDqTzS: Request failed with status code 502
2024-05-23T04:20:09.340Z - Erro ao obter saldo para o endereço 1DevSvhEzEjHouNvcaP4s1gh8G11hXb6Q5 na tentativa 1 usando https://api.blockcypher.com/v1/btc/main/addrs/1DevSvhEzEjHouNvcaP4s1gh8G11hXb6Q5/balance?token=3974609a69b14694bb616a67beeee737: Request failed with status code 429 - Limite de taxa excedido. Aguardando para tentar novamente...
2024-05-23T04:21:09.654Z - Erro ao obter saldo para o endereço 1HyqQs97o7B9Ad6h19iXG6EWcwgrwfq5sH na tentativa 1 usando https://api.blockcypher.com/v1/btc/main/addrs/1HyqQs97o7B9Ad6h19iXG6EWcwgrwfq5sH/balance?token=3974609a69b14694bb616a67beeee737: Request failed with status code 429 - Limite de taxa excedido. Aguardando para tentar novamente...
2024-05-23T04:22:09.909Z - Erro ao obter saldo para o endereço 1HyqQs97o7B9Ad6h19iXG6EWcwgrwfq5sH na tentativa 1 usando https://blockchain.info/balance?active=1HyqQs97o7B9Ad6h19iXG6EWcwgrwfq5sH: Request failed with status code 502
2024-05-23T04:22:13.599Z - Erro ao obter saldo para o endereço 17exz2X9i3vHjWMWYg5rFi2rS75HKwGQsh na tentativa 1 usando https://api.blockcypher.com/v1/btc/main/addrs/17exz2X9i3vHjWMWYg5rFi2rS75HKwGQsh/balance?token=3974609a69b14694bb616a67beeee737: Request failed with status code 429 - Limite de taxa excedido. Aguardando para tentar novamente...
